# JRE version: Java(TM) SE Runtime Environment (8.0_60-b27) (build 1.8.0_60-b27)
# Java VM: Java HotSpot(TM) 64-Bit Server VM (25.60-b23 mixed mode windows-amd64 compressed oops)
Heap:
 PSYoungGen      total 432128K, used 15700K [0x00000000e0d80000, 0x00000000fd500000, 0x0000000100000000)
  eden space 416256K, 0% used [0x00000000e0d80000,0x00000000e0d80000,0x00000000fa400000)
  from space 15872K, 98% used [0x00000000fc580000,0x00000000fd4d52c8,0x00000000fd500000)
  to   space 24576K, 0% used [0x00000000fa500000,0x00000000fa500000,0x00000000fbd00000)
 ParOldGen       total 81920K, used 46010K [0x00000000a2800000, 0x00000000a7800000, 0x00000000e0d80000)
  object space 81920K, 56% used [0x00000000a2800000,0x00000000a54ee9d0,0x00000000a7800000)
 Metaspace       used 58195K, capacity 58970K, committed 59096K, reserved 1101824K
  class space    used 7346K, capacity 7521K, committed 7552K, reserved 1048576K
GC Heap History (10 events):
Event: 42.380 GC heap after
Heap after GC invocations=16 (full 2):
 PSYoungGen      total 309248K, used 15339K [0x00000000e0d80000, 0x00000000f5200000, 0x0000000100000000)
  eden space 293888K, 0% used [0x00000000e0d80000,0x00000000e0d80000,0x00000000f2c80000)
  from space 15360K, 99% used [0x00000000f4300000,0x00000000f51faf48,0x00000000f5200000)
  to   space 18432K, 0% used [0x00000000f2e00000,0x00000000f2e00000,0x00000000f4000000)
 ParOldGen       total 81920K, used 22265K [0x00000000a2800000, 0x00000000a7800000, 0x00000000e0d80000)
  object space 81920K, 27% used [0x00000000a2800000,0x00000000a3dbe640,0x00000000a7800000)
 Metaspace       used 42190K, capacity 42776K, committed 43008K, reserved 1087488K
  class space    used 5178K, capacity 5331K, committed 5376K, reserved 1048576K
}
Event: 54.763 GC heap before
{Heap before GC invocations=17 (full 2):
 PSYoungGen      total 309248K, used 309227K [0x00000000e0d80000, 0x00000000f5200000, 0x0000000100000000)
  eden space 293888K, 100% used [0x00000000e0d80000,0x00000000f2c80000,0x00000000f2c80000)
  from space 15360K, 99% used [0x00000000f4300000,0x00000000f51faf48,0x00000000f5200000)
  to   space 18432K, 0% used [0x00000000f2e00000,0x00000000f2e00000,0x00000000f4000000)
 ParOldGen       total 81920K, used 22265K [0x00000000a2800000, 0x00000000a7800000, 0x00000000e0d80000)
  object space 81920K, 27% used [0x00000000a2800000,0x00000000a3dbe640,0x00000000a7800000)
 Metaspace       used 50085K, capacity 50624K, committed 51072K, reserved 1093632K
  class space    used 6295K, capacity 6438K, committed 6528K, reserved 1048576K
Event: 54.838 GC heap after
Heap after GC invocations=17 (full 2):
 PSYoungGen      total 313856K, used 18401K [0x00000000e0d80000, 0x00000000f9a80000, 0x0000000100000000)
  eden space 295424K, 0% used [0x00000000e0d80000,0x00000000e0d80000,0x00000000f2e00000)
  from space 18432K, 99% used [0x00000000f2e00000,0x00000000f3ff8778,0x00000000f4000000)
  to   space 25088K, 0% used [0x00000000f8200000,0x00000000f8200000,0x00000000f9a80000)
 ParOldGen       total 81920K, used 33403K [0x00000000a2800000, 0x00000000a7800000, 0x00000000e0d80000)
  object space 81920K, 40% used [0x00000000a2800000,0x00000000a489edb8,0x00000000a7800000)
 Metaspace       used 50085K, capacity 50624K, committed 51072K, reserved 1093632K
  class space    used 6295K, capacity 6438K, committed 6528K, reserved 1048576K
}
Event: 58.998 GC heap before
{Heap before GC invocations=18 (full 2):
 PSYoungGen      total 313856K, used 313825K [0x00000000e0d80000, 0x00000000f9a80000, 0x0000000100000000)
  eden space 295424K, 100% used [0x00000000e0d80000,0x00000000f2e00000,0x00000000f2e00000)
  from space 18432K, 99% used [0x00000000f2e00000,0x00000000f3ff8778,0x00000000f4000000)
  to   space 25088K, 0% used [0x00000000f8200000,0x00000000f8200000,0x00000000f9a80000)
 ParOldGen       total 81920K, used 33403K [0x00000000a2800000, 0x00000000a7800000, 0x00000000e0d80000)
  object space 81920K, 40% used [0x00000000a2800000,0x00000000a489edb8,0x00000000a7800000)
 Metaspace       used 52428K, capacity 53052K, committed 53376K, reserved 1095680K
  class space    used 6605K, capacity 6768K, committed 6784K, reserved 1048576K
Event: 59.079 GC heap after
Heap after GC invocations=18 (full 2):
 PSYoungGen      total 382464K, used 9002K [0x00000000e0d80000, 0x00000000f9f00000, 0x0000000100000000)
  eden space 357376K, 0% used [0x00000000e0d80000,0x00000000e0d80000,0x00000000f6a80000)
  from space 25088K, 35% used [0x00000000f8200000,0x00000000f8acaae8,0x00000000f9a80000)
  to   space 24064K, 0% used [0x00000000f6a80000,0x00000000f6a80000,0x00000000f8200000)
 ParOldGen       total 81920K, used 45994K [0x00000000a2800000, 0x00000000a7800000, 0x00000000e0d80000)
  object space 81920K, 56% used [0x00000000a2800000,0x00000000a54ea9d0,0x00000000a7800000)
 Metaspace       used 52428K, capacity 53052K, committed 53376K, reserved 1095680K
  class space    used 6605K, capacity 6768K, committed 6784K, reserved 1048576K
}
Event: 67.150 GC heap before
{Heap before GC invocations=19 (full 2):
 PSYoungGen      total 382464K, used 366378K [0x00000000e0d80000, 0x00000000f9f00000, 0x0000000100000000)
  eden space 357376K, 100% used [0x00000000e0d80000,0x00000000f6a80000,0x00000000f6a80000)
  from space 25088K, 35% used [0x00000000f8200000,0x00000000f8acaae8,0x00000000f9a80000)
  to   space 24064K, 0% used [0x00000000f6a80000,0x00000000f6a80000,0x00000000f8200000)
 ParOldGen       total 81920K, used 45994K [0x00000000a2800000, 0x00000000a7800000, 0x00000000e0d80000)
  object space 81920K, 56% used [0x00000000a2800000,0x00000000a54ea9d0,0x00000000a7800000)
 Metaspace       used 54406K, capacity 55174K, committed 55424K, reserved 1097728K
  class space    used 6851K, capacity 7031K, committed 7040K, reserved 1048576K
Event: 67.507 GC heap after
Heap after GC invocations=19 (full 2):
 PSYoungGen      total 381440K, used 15422K [0x00000000e0d80000, 0x00000000fdd80000, 0x0000000100000000)
  eden space 357376K, 0% used [0x00000000e0d80000,0x00000000e0d80000,0x00000000f6a80000)
  from space 24064K, 64% used [0x00000000f6a80000,0x00000000f798fb20,0x00000000f8200000)
  to   space 24576K, 0% used [0x00000000fc580000,0x00000000fc580000,0x00000000fdd80000)
 ParOldGen       total 81920K, used 46002K [0x00000000a2800000, 0x00000000a7800000, 0x00000000e0d80000)
  object space 81920K, 56% used [0x00000000a2800000,0x00000000a54ec9d0,0x00000000a7800000)
 Metaspace       used 54406K, capacity 55174K, committed 55424K, reserved 1097728K
  class space    used 6851K, capacity 7031K, committed 7040K, reserved 1048576K
}
Event: 148.397 GC heap before
{Heap before GC invocations=20 (full 2):
 PSYoungGen      total 381440K, used 178011K [0x00000000e0d80000, 0x00000000fdd80000, 0x0000000100000000)
  eden space 357376K, 45% used [0x00000000e0d80000,0x00000000eac47328,0x00000000f6a80000)
  from space 24064K, 64% used [0x00000000f6a80000,0x00000000f798fb20,0x00000000f8200000)
  to   space 24576K, 0% used [0x00000000fc580000,0x00000000fc580000,0x00000000fdd80000)
 ParOldGen       total 81920K, used 46002K [0x00000000a2800000, 0x00000000a7800000, 0x00000000e0d80000)
  object space 81920K, 56% used [0x00000000a2800000,0x00000000a54ec9d0,0x00000000a7800000)
 Metaspace       used 58195K, capacity 58970K, committed 59096K, reserved 1101824K
  class space    used 7346K, capacity 7521K, committed 7552K, reserved 1048576K
Event: 148.465 GC heap after
Heap after GC invocations=20 (full 2):
 PSYoungGen      total 432128K, used 15700K [0x00000000e0d80000, 0x00000000fd500000, 0x0000000100000000)
  eden space 416256K, 0% used [0x00000000e0d80000,0x00000000e0d80000,0x00000000fa400000)
  from space 15872K, 98% used [0x00000000fc580000,0x00000000fd4d52c8,0x00000000fd500000)
  to   space 24576K, 0% used [0x00000000fa500000,0x00000000fa500000,0x00000000fbd00000)
 ParOldGen       total 81920K, used 46010K [0x00000000a2800000, 0x00000000a7800000, 0x00000000e0d80000)
  object space 81920K, 56% used [0x00000000a2800000,0x00000000a54ee9d0,0x00000000a7800000)
 Metaspace       used 58195K, capacity 58970K, committed 59096K, reserved 1101824K
  class space    used 7346K, capacity 7521K, committed 7552K, reserved 1048576K
}
Event: 148.465 GC heap before
{Heap before GC invocations=21 (full 3):
 PSYoungGen      total 432128K, used 15700K [0x00000000e0d80000, 0x00000000fd500000, 0x0000000100000000)
  eden space 416256K, 0% used [0x00000000e0d80000,0x00000000e0d80000,0x00000000fa400000)
  from space 15872K, 98% used [0x00000000fc580000,0x00000000fd4d52c8,0x00000000fd500000)
  to   space 24576K, 0% used [0x00000000fa500000,0x00000000fa500000,0x00000000fbd00000)
 ParOldGen       total 81920K, used 46010K [0x00000000a2800000, 0x00000000a7800000, 0x00000000e0d80000)
  object space 81920K, 56% used [0x00000000a2800000,0x00000000a54ee9d0,0x00000000a7800000)
 Metaspace       used 58195K, capacity 58970K, committed 59096K, reserved 1101824K
  class space    used 7346K, capacity 7521K, committed 7552K, reserved 1048576K

